<?xml version="1.0" encoding="UTF-8"?>
<testsuite xmlns:xsi="http://www.w3.org/2001/XMLSchema-instance" xsi:noNamespaceSchemaLocation="https://maven.apache.org/surefire/maven-surefire-plugin/xsd/surefire-test-report.xsd" name="User.UserCreateTest" time="1.193" tests="3" errors="2" skipped="0" failures="0">
  <properties>
[...]
</properties>
  <testcase name="creatingUserWithoutRequiredFieldsTest" classname="User.UserCreateTest" time="0.216"/>
  <testcase name="CreateUserTest" classname="User.UserCreateTest" time="0.474">
    <error message="class io.restassured.path.xml.XmlPath cannot be cast to class java.lang.String (io.restassured.path.xml.XmlPath is in unnamed module of loader &apos;app&apos;; java.lang.String is in module java.base of loader &apos;bootstrap&apos;)" type="java.lang.ClassCastException">java.lang.ClassCastException: class io.restassured.path.xml.XmlPath cannot be cast to class java.lang.String (io.restassured.path.xml.XmlPath is in unnamed module of loader 'app'; java.lang.String is in module java.base of loader 'bootstrap')
	at User.UserCreateTest.CreateUserTest(UserCreateTest.java:34)
</error>
    <system-out><![CDATA[Request method:	POST
Request URI:	https://stellarburgers.nomoreparties.site/api/auth/register
Proxy:			<none>
Request params:	<none>
Query params:	<none>
Form params:	<none>
Path params:	<none>
Headers:		Accept=*/*
				Content-Type=application/json
Cookies:		<none>
Multiparts:		<none>
Body:
{
    "email": "vgchxktp@yandex.ru",
    "password": "hIAnZWht",
    "name": "vGcHxKtP"
}
HTTP/1.1 429 Too Many Requests
Date: Mon, 12 Sep 2022 09:07:51 GMT
Content-Type: text/html
Transfer-Encoding: chunked
Connection: keep-alive
CF-Cache-Status: DYNAMIC
Report-To: {"endpoints":[{"url":"https:\/\/a.nel.cloudflare.com\/report\/v3?s=vQM6bJbKiStY%2FEZFINWiq5BlsnwE2ks8tHLTd6uVLYwjnIknn%2B0rOVO9nxkBwicCv3L3MdoHtwJnXmcgHt6ByBWEh3h72Jxuuv%2B9GimMuWVA5lJCRH%2BQeyUGXK6joVNC6Nf8FMMe3HyDHY3uToQeCgTTr%2FM%3D"}],"group":"cf-nel","max_age":604800}
NEL: {"success_fraction":0,"report_to":"cf-nel","max_age":604800}
Server: cloudflare
CF-RAY: 74977ec61bc1d999-HEL
alt-svc: h3=":443"; ma=86400, h3-29=":443"; ma=86400

<html>
  <head>
    <title>429 Too Many Requests</title>
  </head>
  <body>
    <center>
      <h1>429 Too Many Requests</h1>
    </center>
    <hr/>
    <center>nginx/1.18.0 (Ubuntu)</center>
  </body>
</html>
]]></system-out>
  </testcase>
  <testcase name="CreateAlredyRegisterUserTest" classname="User.UserCreateTest" time="0.502">
    <error message="class io.restassured.path.xml.XmlPath cannot be cast to class java.lang.Boolean (io.restassured.path.xml.XmlPath is in unnamed module of loader &apos;app&apos;; java.lang.Boolean is in module java.base of loader &apos;bootstrap&apos;)" type="java.lang.ClassCastException">java.lang.ClassCastException: class io.restassured.path.xml.XmlPath cannot be cast to class java.lang.Boolean (io.restassured.path.xml.XmlPath is in unnamed module of loader 'app'; java.lang.Boolean is in module java.base of loader 'bootstrap')
	at User.UserCreateTest.CreateAlredyRegisterUserTest(UserCreateTest.java:49)
</error>
    <system-out><![CDATA[Request method:	POST
Request URI:	https://stellarburgers.nomoreparties.site/api/auth/register
Proxy:			<none>
Request params:	<none>
Query params:	<none>
Form params:	<none>
Path params:	<none>
Headers:		Accept=*/*
				Content-Type=application/json
Cookies:		<none>
Multiparts:		<none>
Body:
{
    "email": "srispveu@yandex.ru",
    "password": "ADpsPVcr",
    "name": "sRiSPveU"
}
HTTP/1.1 200 OK
Date: Mon, 12 Sep 2022 09:07:51 GMT
Content-Type: application/json; charset=utf-8
Transfer-Encoding: chunked
Connection: keep-alive
X-Powered-By: Express
Access-Control-Allow-Origin: *
authorization: Bearer eyJhbGciOiJIUzI1NiIsInR5cCI6IkpXVCJ9.eyJpZCI6IjYzMWVmNmU3OTNlYmMyMDAxYjRjNmNhMiIsImlhdCI6MTY2Mjk3MzY3MSwiZXhwIjoxNjYyOTc0ODcxfQ.xIZS7eNgFzmlSRxDOtWv6OdQ4ydSHNEIrzmAsnNDtp0
ETag: W/"16d-gCuVzG6lcpmg7m1CODb3k/kZMOM"
CF-Cache-Status: DYNAMIC
Report-To: {"endpoints":[{"url":"https:\/\/a.nel.cloudflare.com\/report\/v3?s=tQGxZIg1topokNY13wxkfU%2F0rmRrc%2FfZ5tgOT4KihqgexYaFeHrZJyRa8tS2O8YzyOkDM5YOfyor6hvbPmMMBQkRyN4iKloHH08%2Bo8f9G5rA7VPLvCCQfjz3PNUaq7vZaT%2FiKlQBv0fqfbfqkXtw1ajaDTI%3D"}],"group":"cf-nel","max_age":604800}
NEL: {"success_fraction":0,"report_to":"cf-nel","max_age":604800}
Server: cloudflare
CF-RAY: 74977ec729e7d96b-HEL
Content-Encoding: gzip
alt-svc: h3=":443"; ma=86400, h3-29=":443"; ma=86400

{
    "success": true,
    "user": {
        "email": "srispveu@yandex.ru",
        "name": "sRiSPveU"
    },
    "accessToken": "Bearer eyJhbGciOiJIUzI1NiIsInR5cCI6IkpXVCJ9.eyJpZCI6IjYzMWVmNmU3OTNlYmMyMDAxYjRjNmNhMiIsImlhdCI6MTY2Mjk3MzY3MSwiZXhwIjoxNjYyOTc0ODcxfQ.xIZS7eNgFzmlSRxDOtWv6OdQ4ydSHNEIrzmAsnNDtp0",
    "refreshToken": "83b2725e7b608401527d50f64551f4191dcf4b2021e0e4d8596a7ce7cbd09d10c6652b2b3497bb3a"
}
Request method:	POST
Request URI:	https://stellarburgers.nomoreparties.site/api/auth/register
Proxy:			<none>
Request params:	<none>
Query params:	<none>
Form params:	<none>
Path params:	<none>
Headers:		Accept=*/*
				Content-Type=application/json
Cookies:		<none>
Multiparts:		<none>
Body:
{
    "email": "srispveu@yandex.ru",
    "password": "ADpsPVcr",
    "name": "sRiSPveU"
}
HTTP/1.1 429 Too Many Requests
Date: Mon, 12 Sep 2022 09:07:51 GMT
Content-Type: text/html
Transfer-Encoding: chunked
Connection: keep-alive
CF-Cache-Status: DYNAMIC
Report-To: {"endpoints":[{"url":"https:\/\/a.nel.cloudflare.com\/report\/v3?s=BevAUNrSoggEvKmkM1ubMT12gqIX%2B7oBNd6wMDdCNsvpkE6%2FaUowA%2FFxG0Dz03iBVwbta0ztPKs1qHyuKDJWZcBY7%2FcLXAfOjuRzWeDbmPpH52KItaBRhQX1ox3hSdKjGCkrCGH7mFKPFoqpLuVl7gTINRY%3D"}],"group":"cf-nel","max_age":604800}
NEL: {"success_fraction":0,"report_to":"cf-nel","max_age":604800}
Server: cloudflare
CF-RAY: 74977ec90ed03768-HEL
alt-svc: h3=":443"; ma=86400, h3-29=":443"; ma=86400

<html>
  <head>
    <title>429 Too Many Requests</title>
  </head>
  <body>
    <center>
      <h1>429 Too Many Requests</h1>
    </center>
    <hr/>
    <center>nginx/1.18.0 (Ubuntu)</center>
  </body>
</html>
]]></system-out>
  </testcase>
</testsuite>