<?xml version="1.0" encoding="UTF-8"?>
<testsuite xmlns:xsi="http://www.w3.org/2001/XMLSchema-instance" xsi:noNamespaceSchemaLocation="https://maven.apache.org/surefire/maven-surefire-plugin/xsd/surefire-test-report.xsd" name="User.LoginUserTest" time="2.873" tests="3" errors="2" skipped="0" failures="0">
  <properties>
[...]
</properties>
  <testcase name="LoginUserTest" classname="User.LoginUserTest" time="1.183"/>
  <testcase name="loginWithEmptyEmailTest" classname="User.LoginUserTest" time="0.828">
    <error message="class io.restassured.path.xml.XmlPath cannot be cast to class java.lang.Boolean (io.restassured.path.xml.XmlPath is in unnamed module of loader &apos;app&apos;; java.lang.Boolean is in module java.base of loader &apos;bootstrap&apos;)" type="java.lang.ClassCastException">java.lang.ClassCastException: class io.restassured.path.xml.XmlPath cannot be cast to class java.lang.Boolean (io.restassured.path.xml.XmlPath is in unnamed module of loader 'app'; java.lang.Boolean is in module java.base of loader 'bootstrap')
	at User.LoginUserTest.loginWithEmptyEmailTest(LoginUserTest.java:57)
</error>
    <system-out><![CDATA[Request method:	POST
Request URI:	https://stellarburgers.nomoreparties.site/api/auth/register
Proxy:			<none>
Request params:	<none>
Query params:	<none>
Form params:	<none>
Path params:	<none>
Headers:		Accept=*/*
				Content-Type=application/json
Cookies:		<none>
Multiparts:		<none>
Body:
{
    "email": "utpqhawt@yandex.ru",
    "password": "ZvuZGwFv",
    "name": "uTpQHAWt"
}
HTTP/1.1 200 OK
Date: Mon, 12 Sep 2022 09:07:49 GMT
Content-Type: application/json; charset=utf-8
Transfer-Encoding: chunked
Connection: keep-alive
X-Powered-By: Express
Access-Control-Allow-Origin: *
authorization: Bearer eyJhbGciOiJIUzI1NiIsInR5cCI6IkpXVCJ9.eyJpZCI6IjYzMWVmNmU1OTNlYmMyMDAxYjRjNmM5ZSIsImlhdCI6MTY2Mjk3MzY2OSwiZXhwIjoxNjYyOTc0ODY5fQ.J6cLYA1y6ZsbwPzbS24po2_65jkZIC7E8ijvyTDVtBE
ETag: W/"16d-tirvzvwwQ5QOeIxUh1wX3oeF/EM"
CF-Cache-Status: DYNAMIC
Report-To: {"endpoints":[{"url":"https:\/\/a.nel.cloudflare.com\/report\/v3?s=SMc2XBkGMUVg3%2FyD0iic5gwEBnJUwt1sO9aNsNaOiDhT1SUliaSzjJxBl4kwHuFvwQobM862oGwmnpnPsKh86du8fC6GODB14d%2F%2FGms1eGO1Csh6PjyKajeRz75SiMXoZinjo3AQZLLJXq0OLwG9AVkoDFg%3D"}],"group":"cf-nel","max_age":604800}
NEL: {"success_fraction":0,"report_to":"cf-nel","max_age":604800}
Server: cloudflare
CF-RAY: 74977eb86ea3d93b-HEL
Content-Encoding: gzip
alt-svc: h3=":443"; ma=86400, h3-29=":443"; ma=86400

{
    "success": true,
    "user": {
        "email": "utpqhawt@yandex.ru",
        "name": "uTpQHAWt"
    },
    "accessToken": "Bearer eyJhbGciOiJIUzI1NiIsInR5cCI6IkpXVCJ9.eyJpZCI6IjYzMWVmNmU1OTNlYmMyMDAxYjRjNmM5ZSIsImlhdCI6MTY2Mjk3MzY2OSwiZXhwIjoxNjYyOTc0ODY5fQ.J6cLYA1y6ZsbwPzbS24po2_65jkZIC7E8ijvyTDVtBE",
    "refreshToken": "888f9a76644cda1545413e7f116187bc22da5e42e5ce221ea0a48cac8c74a9fed7ef2e7afa000f56"
}
Request method:	POST
Request URI:	https://stellarburgers.nomoreparties.site/api/auth/login
Proxy:			<none>
Request params:	<none>
Query params:	<none>
Form params:	<none>
Path params:	<none>
Headers:		Accept=*/*
				Content-Type=application/json
Cookies:		<none>
Multiparts:		<none>
Body:
{
    "email": null,
    "password": "ZvuZGwFv",
    "name": "uTpQHAWt"
}
HTTP/1.1 429 Too Many Requests
Date: Mon, 12 Sep 2022 09:07:49 GMT
Content-Type: text/html
Transfer-Encoding: chunked
Connection: keep-alive
CF-Cache-Status: DYNAMIC
Report-To: {"endpoints":[{"url":"https:\/\/a.nel.cloudflare.com\/report\/v3?s=7llMAzT4W5pntiw8nENHyLaD80hrNNtnhL0wEBr6L%2BxKETOH1kderWB3THLOn%2FR8Zodmx%2BD3vW1diTfHfqNHqpJvXvBjqiMEYMJ7SBOCX1D%2Fc5RcJkUa8OEX4g8cjvaUWSN9XLtmvyJdA5zgVY1dBnHfjek%3D"}],"group":"cf-nel","max_age":604800}
NEL: {"success_fraction":0,"report_to":"cf-nel","max_age":604800}
Server: cloudflare
CF-RAY: 74977eba5a1e376d-HEL
alt-svc: h3=":443"; ma=86400, h3-29=":443"; ma=86400

<html>
  <head>
    <title>429 Too Many Requests</title>
  </head>
  <body>
    <center>
      <h1>429 Too Many Requests</h1>
    </center>
    <hr/>
    <center>nginx/1.18.0 (Ubuntu)</center>
  </body>
</html>
Request method:	DELETE
Request URI:	https://stellarburgers.nomoreparties.site/api/auth/user
Proxy:			<none>
Request params:	<none>
Query params:	<none>
Form params:	<none>
Path params:	<none>
Headers:		Accept=*/*
				Content-Type=application/json
Cookies:		<none>
Multiparts:		<none>
Body:			<none>
HTTP/1.1 202 Accepted
Date: Mon, 12 Sep 2022 09:07:49 GMT
Content-Type: application/json; charset=utf-8
Content-Length: 54
Connection: keep-alive
X-Powered-By: Express
Access-Control-Allow-Origin: *
ETag: W/"36-hDmZnQ3Ou/ynnqAeC6TYmyseuzY"
CF-Cache-Status: DYNAMIC
Report-To: {"endpoints":[{"url":"https:\/\/a.nel.cloudflare.com\/report\/v3?s=5UJMIIjmP8ZqO%2Fjo5BMe7iQlkXTJpFmoYVPzzOFI1Fv2et%2FFJ3szMlwNI%2BY4%2BWzS0%2BznpNvIq8SZBuU%2FDFBepWdADoDEhwlh7svK9yksx%2F9dsOVhqtt%2BG3FN1vCKquChURuGCfGnshtiw8hvnwzHoZmk8aE%3D"}],"group":"cf-nel","max_age":604800}
NEL: {"success_fraction":0,"report_to":"cf-nel","max_age":604800}
Server: cloudflare
CF-RAY: 74977ebb9be53769-HEL
alt-svc: h3=":443"; ma=86400, h3-29=":443"; ma=86400

{
    "success": true,
    "message": "User successfully removed"
}
]]></system-out>
  </testcase>
  <testcase name="loginWithEmptyPasswordTest" classname="User.LoginUserTest" time="0.86">
    <error message="class io.restassured.path.xml.XmlPath cannot be cast to class java.lang.Boolean (io.restassured.path.xml.XmlPath is in unnamed module of loader &apos;app&apos;; java.lang.Boolean is in module java.base of loader &apos;bootstrap&apos;)" type="java.lang.ClassCastException">java.lang.ClassCastException: class io.restassured.path.xml.XmlPath cannot be cast to class java.lang.Boolean (io.restassured.path.xml.XmlPath is in unnamed module of loader 'app'; java.lang.Boolean is in module java.base of loader 'bootstrap')
	at User.LoginUserTest.loginWithEmptyPasswordTest(LoginUserTest.java:70)
</error>
    <system-out><![CDATA[Request method:	POST
Request URI:	https://stellarburgers.nomoreparties.site/api/auth/register
Proxy:			<none>
Request params:	<none>
Query params:	<none>
Form params:	<none>
Path params:	<none>
Headers:		Accept=*/*
				Content-Type=application/json
Cookies:		<none>
Multiparts:		<none>
Body:
{
    "email": "vrmaomwm@yandex.ru",
    "password": "FDwFlvyt",
    "name": "VRMAoMWM"
}
HTTP/1.1 200 OK
Date: Mon, 12 Sep 2022 09:07:50 GMT
Content-Type: application/json; charset=utf-8
Transfer-Encoding: chunked
Connection: keep-alive
X-Powered-By: Express
Access-Control-Allow-Origin: *
authorization: Bearer eyJhbGciOiJIUzI1NiIsInR5cCI6IkpXVCJ9.eyJpZCI6IjYzMWVmNmU2OTNlYmMyMDAxYjRjNmNhMCIsImlhdCI6MTY2Mjk3MzY3MCwiZXhwIjoxNjYyOTc0ODcwfQ.GVYscGHcXTP9uBdTM97KMNZ80IEr4TYRd_ks5naMy8o
ETag: W/"16d-Pg6JMMGbaYHKYvQ9TdjET/Ih4I0"
CF-Cache-Status: DYNAMIC
Report-To: {"endpoints":[{"url":"https:\/\/a.nel.cloudflare.com\/report\/v3?s=Pm%2Bcb133JrOlitcZ45K%2FLza%2FD7IRlKWa%2BtLQJNcwa3%2BfKgc0NXeMLAEDeyafJq6jHgIJ7Sm1DCiQthJnViG2TtxeUvubYTw%2FGFa82h6mH7fWXZWiCC6e49GOi%2Bx3PGGoBonjXAqKB2yhWAe4eSq52ix1ZQM%3D"}],"group":"cf-nel","max_age":604800}
NEL: {"success_fraction":0,"report_to":"cf-nel","max_age":604800}
Server: cloudflare
CF-RAY: 74977ebddeefd906-HEL
Content-Encoding: gzip
alt-svc: h3=":443"; ma=86400, h3-29=":443"; ma=86400

{
    "success": true,
    "user": {
        "email": "vrmaomwm@yandex.ru",
        "name": "VRMAoMWM"
    },
    "accessToken": "Bearer eyJhbGciOiJIUzI1NiIsInR5cCI6IkpXVCJ9.eyJpZCI6IjYzMWVmNmU2OTNlYmMyMDAxYjRjNmNhMCIsImlhdCI6MTY2Mjk3MzY3MCwiZXhwIjoxNjYyOTc0ODcwfQ.GVYscGHcXTP9uBdTM97KMNZ80IEr4TYRd_ks5naMy8o",
    "refreshToken": "5e36ba4f2a892304dcd2d923366d57b6f075f4fb832fc50bd5c9eabe8bcab1e9bbce464da8b84686"
}
Request method:	POST
Request URI:	https://stellarburgers.nomoreparties.site/api/auth/login
Proxy:			<none>
Request params:	<none>
Query params:	<none>
Form params:	<none>
Path params:	<none>
Headers:		Accept=*/*
				Content-Type=application/json
Cookies:		<none>
Multiparts:		<none>
Body:
{
    "email": "vrmaomwm@yandex.ru",
    "password": null,
    "name": "VRMAoMWM"
}
HTTP/1.1 429 Too Many Requests
Date: Mon, 12 Sep 2022 09:07:50 GMT
Content-Type: text/html
Transfer-Encoding: chunked
Connection: keep-alive
CF-Cache-Status: DYNAMIC
Report-To: {"endpoints":[{"url":"https:\/\/a.nel.cloudflare.com\/report\/v3?s=bO%2FoYf8cWo9X%2B8A9OVDD26NWk7%2BZ%2B45hhrCjWUMck%2BapebiTl%2BcTObuTyWsfQ5kyC0WBW%2FLbk2sW0lI9Sjo5WdqNjXnVJI6orx0KEIqxdl75CFMfzzZfg%2FfGKy40RHY29dQZ8IRm5WOepKODbV6SV8Mqm84%3D"}],"group":"cf-nel","max_age":604800}
NEL: {"success_fraction":0,"report_to":"cf-nel","max_age":604800}
Server: cloudflare
CF-RAY: 74977ebfbc13d95f-HEL
alt-svc: h3=":443"; ma=86400, h3-29=":443"; ma=86400

<html>
  <head>
    <title>429 Too Many Requests</title>
  </head>
  <body>
    <center>
      <h1>429 Too Many Requests</h1>
    </center>
    <hr/>
    <center>nginx/1.18.0 (Ubuntu)</center>
  </body>
</html>
Request method:	DELETE
Request URI:	https://stellarburgers.nomoreparties.site/api/auth/user
Proxy:			<none>
Request params:	<none>
Query params:	<none>
Form params:	<none>
Path params:	<none>
Headers:		Accept=*/*
				Content-Type=application/json
Cookies:		<none>
Multiparts:		<none>
Body:			<none>
HTTP/1.1 202 Accepted
Date: Mon, 12 Sep 2022 09:07:50 GMT
Content-Type: application/json; charset=utf-8
Content-Length: 54
Connection: keep-alive
X-Powered-By: Express
Access-Control-Allow-Origin: *
ETag: W/"36-hDmZnQ3Ou/ynnqAeC6TYmyseuzY"
CF-Cache-Status: DYNAMIC
Report-To: {"endpoints":[{"url":"https:\/\/a.nel.cloudflare.com\/report\/v3?s=YFHrJIZIPgLZi4QZmnbx1fKC%2FNpHb82V%2B0qXrBrqEDIz2WQ%2BbD%2FCtuMuPIhKXVcYN7gOatqu5byfPyhvvCy5mGWaprcUuPL2wKCAaJSIHQaf2TkBb893iK4Bjrir1C2cabdx7YJXoq%2BFjilLZgteMxFsFj8%3D"}],"group":"cf-nel","max_age":604800}
NEL: {"success_fraction":0,"report_to":"cf-nel","max_age":604800}
Server: cloudflare
CF-RAY: 74977ec12b00d90a-HEL
alt-svc: h3=":443"; ma=86400, h3-29=":443"; ma=86400

{
    "success": true,
    "message": "User successfully removed"
}
]]></system-out>
  </testcase>
</testsuite>